[templates.hibootstrap.com/paso/default/index.html]
[templates.hibootstrap.com/paso/default/assets/css/bootstrap.min.css]
[templates.hibootstrap.com/paso/default/assets/css/meanmenu.min.css]
[templates.hibootstrap.com/paso/default/assets/css/boxicons.min.css]
[templates.hibootstrap.com/paso/default/assets/css/flaticon.css]
[templates.hibootstrap.com/paso/default/assets/css/magnific-popup.min.css]
[templates.hibootstrap.com/paso/default/assets/css/animate.min.css]
[templates.hibootstrap.com/paso/default/assets/css/owl.carousel.min.css]
[templates.hibootstrap.com/paso/default/assets/css/style.css]
[templates.hibootstrap.com/paso/default/assets/css/dark.css]
[templates.hibootstrap.com/paso/default/assets/css/responsive.css]
[templates.hibootstrap.com/paso/default/assets/images/favicon.png]
[backblue.gif]
[fade.gif]
[index.html]
[templates.hibootstrap.com/paso/default/assets/images/logo.png]
[templates.hibootstrap.com/paso/default/index-2.html]
[templates.hibootstrap.com/paso/default/index-3.html]
[templates.hibootstrap.com/paso/default/about.html]
[templates.hibootstrap.com/paso/default/solutions.html]
[templates.hibootstrap.com/paso/default/solutions-details.html]
[templates.hibootstrap.com/paso/default/case.html]
[templates.hibootstrap.com/paso/default/case-details.html]
[templates.hibootstrap.com/paso/default/blog.html]
[templates.hibootstrap.com/paso/default/blog-details.html]
[templates.hibootstrap.com/paso/default/team.html]
[templates.hibootstrap.com/paso/default/pricing.html]
[templates.hibootstrap.com/paso/default/gallery.html]
[templates.hibootstrap.com/paso/default/testimonials.html]
[templates.hibootstrap.com/paso/default/singnup.html]
[templates.hibootstrap.com/paso/default/signin.html]
[templates.hibootstrap.com/paso/default/404.html]
[templates.hibootstrap.com/paso/default/faq.html]
[templates.hibootstrap.com/paso/default/terms-condition.html]
[templates.hibootstrap.com/paso/default/privecy.html]
[templates.hibootstrap.com/paso/default/contact.html]
[templates.hibootstrap.com/paso/default/assets/images/home-bg-1-img.png]
[templates.hibootstrap.com/paso/default/assets/images/shape/1.png]
[templates.hibootstrap.com/paso/default/assets/images/shape/2.png]
[templates.hibootstrap.com/paso/default/assets/images/shape/3.png]
[templates.hibootstrap.com/paso/default/assets/images/shape/4.png]
[templates.hibootstrap.com/paso/default/assets/images/shape/5.png]
[templates.hibootstrap.com/paso/default/assets/images/shape/6.png]
[templates.hibootstrap.com/paso/default/assets/images/service/s1.png]
[templates.hibootstrap.com/paso/default/assets/images/service/s2.png]
[templates.hibootstrap.com/paso/default/assets/images/service/s3.png]
[templates.hibootstrap.com/paso/default/assets/images/service/s4.png]
[templates.hibootstrap.com/paso/default/assets/images/service/s5.png]
[templates.hibootstrap.com/paso/default/assets/images/service/s6.png]
[templates.hibootstrap.com/paso/default/assets/images/company/company-img.jpg]
[templates.hibootstrap.com/paso/default/assets/images/choose-img.png]
[templates.hibootstrap.com/paso/default/assets/images/process/p1.png]
[templates.hibootstrap.com/paso/default/assets/images/process/next.png]
[templates.hibootstrap.com/paso/default/assets/images/process/p2.png]
[templates.hibootstrap.com/paso/default/assets/images/process/p3.png]
[templates.hibootstrap.com/paso/default/assets/images/process/p4.png]
[templates.hibootstrap.com/paso/default/assets/images/case/c1.jpg]
[templates.hibootstrap.com/paso/default/assets/images/case/c2.jpg]
[templates.hibootstrap.com/paso/default/assets/images/case/c3.jpg]
[templates.hibootstrap.com/paso/default/assets/images/case/c4.jpg]
[templates.hibootstrap.com/paso/default/assets/images/case/c5.jpg]
[templates.hibootstrap.com/paso/default/assets/images/case/c6.jpg]
[templates.hibootstrap.com/paso/default/assets/images/feature-img.png]
[templates.hibootstrap.com/paso/default/assets/images/team/t1.jpg]
[templates.hibootstrap.com/paso/default/assets/images/team/t2.jpg]
[templates.hibootstrap.com/paso/default/assets/images/team/t3.jpg]
[templates.hibootstrap.com/paso/default/assets/images/team/t4.jpg]
[templates.hibootstrap.com/paso/default/assets/images/client/1.jpg]
[templates.hibootstrap.com/paso/default/assets/images/client/2.jpg]
[templates.hibootstrap.com/paso/default/assets/images/blog/1.jpg]
[templates.hibootstrap.com/paso/default/assets/images/blog/5.jpg]
[templates.hibootstrap.com/paso/default/assets/images/blog/3.jpg]
[templates.hibootstrap.com/paso/default/assets/images/contact-img.png]
[templates.hibootstrap.com/paso/default/assets/images/logo2.png]
[templates.hibootstrap.com/cdn-cgi/scripts/5c5dd728/cloudflare-static/email-decode.min.js]
[templates.hibootstrap.com/paso/default/assets/js/jquery.min.js]
[templates.hibootstrap.com/paso/default/assets/js/bootstrap.bundle.min.js]
[templates.hibootstrap.com/paso/default/assets/js/meanmenu.min.js]
[templates.hibootstrap.com/paso/default/assets/js/magnific-popup.min.js]
[templates.hibootstrap.com/paso/default/assets/js/owl.carousel.min.js]
[templates.hibootstrap.com/paso/default/assets/js/wow.min.js]
[templates.hibootstrap.com/paso/default/assets/js/isotope.pkgd.min.js]
[templates.hibootstrap.com/paso/default/assets/js/ajaxchimp.min.js]
[templates.hibootstrap.com/paso/default/assets/js/form-validator.min.js]
[templates.hibootstrap.com/paso/default/assets/js/contact-form-script.js]
[templates.hibootstrap.com/paso/default/index.html]
[templates.hibootstrap.com/paso/default/assets/css/bootstrap.min.css]
[templates.hibootstrap.com/paso/default/assets/css/meanmenu.min.css]
[templates.hibootstrap.com/paso/default/assets/js/main.js]
[templates.hibootstrap.com/paso/default/assets/fonts/boxicons.eot]
[templates.hibootstrap.com/paso/default/assets/fonts/boxicons.woff2]
[templates.hibootstrap.com/paso/default/assets/fonts/boxicons.woff]
[templates.hibootstrap.com/paso/default/assets/fonts/boxicons.ttf]
[templates.hibootstrap.com/paso/default/assets/css/boxicons.min.css]
[templates.hibootstrap.com/paso/default/assets/fonts/boxiconsd41d.svg]
[templates.hibootstrap.com/paso/default/assets/fonts/Flaticon.eot]
[templates.hibootstrap.com/paso/default/assets/fonts/Flaticond41d.eot]
[templates.hibootstrap.com/paso/default/assets/fonts/Flaticon.woff2]
[templates.hibootstrap.com/paso/default/assets/fonts/Flaticon.woff]
[templates.hibootstrap.com/paso/default/assets/fonts/Flaticon.ttf]
[templates.hibootstrap.com/paso/default/assets/fonts/Flaticon.svg]
[templates.hibootstrap.com/paso/default/assets/css/Flaticon.svg]
[templates.hibootstrap.com/paso/default/assets/css/flaticon.css]
[templates.hibootstrap.com/paso/default/assets/css/magnific-popup.min.css]
[templates.hibootstrap.com/paso/default/assets/css/animate.min.css]
[templates.hibootstrap.com/paso/default/assets/css/owl.video.play.png]
[templates.hibootstrap.com/paso/default/assets/css/owl.carousel.min.css]
[templates.hibootstrap.com/paso/default/assets/images/home-bg-2.png]
[templates.hibootstrap.com/paso/default/assets/images/home-bg-3.jpg]
[templates.hibootstrap.com/paso/default/assets/images/home-bg-4.jpg]
[templates.hibootstrap.com/paso/default/assets/images/home-bg-5.jpg]
[templates.hibootstrap.com/paso/default/assets/images/service/hover.png]
[templates.hibootstrap.com/paso/default/assets/img/client/client-bg.jpg]
[templates.hibootstrap.com/paso/default/assets/images/service/hover-img.png]
[templates.hibootstrap.com/paso/default/assets/images/blog-details/popular-posts-1.png]
[templates.hibootstrap.com/paso/default/assets/images/blog-details/popular-posts-2.png]
[templates.hibootstrap.com/paso/default/assets/images/blog-details/popular-posts-3.png]
[templates.hibootstrap.com/paso/default/assets/images/blog-details/popular-posts-4.png]
[templates.hibootstrap.com/paso/default/assets/images/contact-img2.jpg]
[templates.hibootstrap.com/paso/default/assets/images/footer-bg.png]
[templates.hibootstrap.com/paso/default/assets/images/footer-bg1.png]
[templates.hibootstrap.com/paso/default/assets/images/gallery/1.jpg]
[templates.hibootstrap.com/paso/default/assets/images/gallery/2.jpg]
[templates.hibootstrap.com/paso/default/assets/images/gallery/3.jpg]
[templates.hibootstrap.com/paso/default/assets/images/gallery/4.jpg]
[templates.hibootstrap.com/paso/default/assets/images/gallery/5.jpg]
[templates.hibootstrap.com/paso/default/assets/images/home-three/banner-img.jpg]
[templates.hibootstrap.com/paso/default/assets/images/home-three/banner-img-2.jpg]
[templates.hibootstrap.com/paso/default/assets/css/style.css]
[templates.hibootstrap.com/paso/default/assets/images/night.png]
[templates.hibootstrap.com/paso/default/assets/images/sunny.png]
[templates.hibootstrap.com/paso/default/assets/css/dark.css]
[templates.hibootstrap.com/paso/default/assets/css/responsive.css]
[templates.hibootstrap.com/paso/default/assets/images/info/i1.jpg]
[templates.hibootstrap.com/paso/default/assets/images/info/i2.jpg]
[templates.hibootstrap.com/paso/default/assets/images/info/i3.jpg]
[templates.hibootstrap.com/paso/default/assets/images/process/next2.png]
[templates.hibootstrap.com/paso/default/assets/images/choose-img1.jpg]
[templates.hibootstrap.com/paso/default/index-2.html]
[templates.hibootstrap.com/paso/default/assets/images/about-img-2.jpg]
[templates.hibootstrap.com/paso/default/index-3.html]
[templates.hibootstrap.com/paso/default/about.html]
[templates.hibootstrap.com/paso/default/solutions.html]
[templates.hibootstrap.com/paso/default/assets/images/solutions-details/1.png]
[templates.hibootstrap.com/paso/default/assets/images/solutions-details/2.png]
[templates.hibootstrap.com/paso/default/assets/images/solutions-details/3.png]
[templates.hibootstrap.com/paso/default/assets/images/solutions-details/4.png]
[templates.hibootstrap.com/paso/default/assets/images/solutions-details/5.png]
[templates.hibootstrap.com/paso/default/solutions-details.html]
[templates.hibootstrap.com/paso/default/case.html]
[templates.hibootstrap.com/paso/default/assets/images/case-details/1.jpg]
[templates.hibootstrap.com/paso/default/case-details.html]
[templates.hibootstrap.com/paso/default/assets/images/blog/2.jpg]
[templates.hibootstrap.com/paso/default/assets/images/blog/4.jpg]
[templates.hibootstrap.com/paso/default/assets/images/blog/6.jpg]
[templates.hibootstrap.com/paso/default/blog.html]
[templates.hibootstrap.com/paso/default/assets/images/blog-details/blog-details.jpg]
[templates.hibootstrap.com/paso/default/assets/images/blog-details/comment-img-1.jpg]
[templates.hibootstrap.com/paso/default/assets/images/blog-details/comment-img-2.jpg]
[templates.hibootstrap.com/paso/default/assets/images/blog-details/comment-img-3.jpg]
[templates.hibootstrap.com/paso/default/log-in.html]
[templates.hibootstrap.com/paso/default/blog-details.html]
[templates.hibootstrap.com/paso/default/assets/images/team/g1.jpg]
[templates.hibootstrap.com/paso/default/assets/images/team/g3.jpg]
[templates.hibootstrap.com/paso/default/assets/images/team/g2.jpg]
[templates.hibootstrap.com/paso/default/assets/images/team/g5.jpg]
[templates.hibootstrap.com/paso/default/assets/images/team/g4.jpg]
[templates.hibootstrap.com/paso/default/assets/images/team/g6.jpg]
[templates.hibootstrap.com/paso/default/team.html]
[templates.hibootstrap.com/paso/default/shared-hosting.html]
[templates.hibootstrap.com/paso/default/pricing.html]
[templates.hibootstrap.com/paso/default/gallery.html]
[templates.hibootstrap.com/paso/default/assets/images/testimonilas/t1.jpg]
[templates.hibootstrap.com/paso/default/assets/images/testimonilas/t2.jpg]
[templates.hibootstrap.com/paso/default/assets/images/testimonilas/t3.jpg]
[templates.hibootstrap.com/paso/default/assets/images/testimonilas/t4.jpg]
[templates.hibootstrap.com/paso/default/assets/images/testimonilas/t5.jpg]
[templates.hibootstrap.com/paso/default/assets/images/testimonilas/t6.jpg]
[templates.hibootstrap.com/paso/default/testimonials.html]
[templates.hibootstrap.com/paso/default/singnup.html]
[templates.hibootstrap.com/paso/default/signin.html]
[templates.hibootstrap.com/paso/default/assets/images/404.gif]
[templates.hibootstrap.com/paso/default/404.html]
[templates.hibootstrap.com/paso/default/faq.html]
[templates.hibootstrap.com/paso/default/terms-condition.html]
[templates.hibootstrap.com/paso/default/privecy.html]
[templates.hibootstrap.com/paso/default/contact.html]
[templates.hibootstrap.com/paso/default/assets/fonts/boxiconsd41d.svg]
[templates.hibootstrap.com/paso/default/assets/fonts/Flaticon.svg]
[templates.hibootstrap.com/paso/default/assets/css/Flaticon.html]
[templates.hibootstrap.com/paso/default/assets/css/owl.video.play.html]
[templates.hibootstrap.com/paso/default/assets/img/client/client-bg.html]
[templates.hibootstrap.com/paso/default/log-in.html]
[templates.hibootstrap.com/paso/default/shared-hosting.html]
